2023-10-07 20:19:46 INFO   - Player (id = 1) Creation competed. Attack: 15; defense: 4; health: 100; damage: 10-16; status: alive
2023-10-07 20:19:46 INFO   - Heal. Player (id = 1) The remaining number of healings: 3
2023-10-07 20:19:46 INFO   - SetHealth. Player (id = 1) health: 100/100
2023-10-07 20:19:46 INFO   - Monster (id = 2) Creation competed. Attack: 10; defense: 3; health: 10; damage: 10-16; status: alive
2023-10-07 20:19:46 INFO   - SetHealth. Monster (id = 2) health: 10/10
2023-10-07 20:19:46 WARN   - Player (id = 3) The maximum damage value was set incorrectly. New value: 108
2023-10-07 20:19:46 INFO   - Player (id = 3) Creation competed. Attack: 3; defense: 11; health: 34; damage: 102-108; status: alive
2023-10-07 20:19:46 INFO   - Player (id = 4) Creation competed. Attack: 20; defense: 4; health: 16; damage: 10-16; status: alive
2023-10-07 20:19:46 INFO   - Monster (id = 5) Creation competed. Attack: 10; defense: 16; health: 100; damage: 10-16; status: alive
2023-10-07 20:19:46 INFO   - Attack. Player (id = 4) attacks Monster (id = 5). Damage: 12
2023-10-07 20:19:46 INFO   - SetHealth. Monster (id = 5) health: 88/100
2023-10-07 20:19:46 INFO   - Player (id = 6) Creation competed. Attack: 15; defense: 4; health: 100; damage: 10-16; status: alive
2023-10-07 20:19:46 INFO   - Heal. Player (id = 6) The remaining number of healings: 3
2023-10-07 20:19:46 INFO   - SetHealth. Player (id = 6) health: 100/100
2023-10-07 20:19:46 INFO   - Heal. Player (id = 6) The remaining number of healings: 2
2023-10-07 20:19:46 INFO   - SetHealth. Player (id = 6) health: 100/100
2023-10-07 20:19:46 INFO   - Heal. Player (id = 6) The remaining number of healings: 1
2023-10-07 20:19:46 INFO   - SetHealth. Player (id = 6) health: 100/100
2023-10-07 20:19:46 INFO   - Heal. Player (id = 6) The remaining number of healings: 0
2023-10-07 20:19:46 INFO   - SetHealth. Player (id = 6) health: 100/100
2023-10-07 20:19:46 INFO   - Heal. Player (id = 6) A player cannot heal himself more than 4 times. Healing is impossible.
2023-10-07 20:19:46 INFO   - Player (id = 7) Creation competed. Attack: 30; defense: 4; health: 16; damage: 10-16; status: alive
2023-10-07 20:19:46 INFO   - Monster (id = 8) Creation competed. Attack: 10; defense: 1; health: 1; damage: 10-16; status: alive
2023-10-07 20:19:46 INFO   - Attack. Player (id = 7) attacks Monster (id = 8). Damage: 16
2023-10-07 20:19:46 INFO   - SetHealth. Monster (id = 8) is dead.
2023-10-07 20:19:46 INFO   - Monster (id = 9) Creation competed. Attack: 10; defense: 3; health: 100; damage: 10-16; status: alive
2023-10-07 20:19:46 INFO   - SetHealth. Monster (id = 9) health: 20/100
2023-10-07 20:19:46 INFO   - Monster (id = 10) Creation competed. Attack: 10; defense: 3; health: 10; damage: 10-16; status: alive
2023-10-07 20:19:46 INFO   - SetHealth. Monster (id = 10) is dead.
2023-10-07 20:19:46 INFO   - SetHealth. Monster (id = 10) health: 5/10
2023-10-07 20:19:46 WARN   - Player (id = 11) Out-of-range defense value (1-30). Max value is set.
2023-10-07 20:19:46 INFO   - Player (id = 11) Creation competed. Attack: 3; defense: 110; health: 6; damage: 12-16; status: alive
2023-10-07 20:19:46 WARN   - Player (id = 12) The maximum damage value was set incorrectly. New value: 18
2023-10-07 20:19:46 INFO   - Player (id = 12) Creation competed. Attack: 3; defense: 11; health: 34; damage: 12-18; status: alive
2023-10-07 20:19:46 WARN   - Player (id = 13) The min damage cannot be negative. Set value 0.
2023-10-07 20:19:46 INFO   - Player (id = 13) Creation competed. Attack: 3; defense: 11; health: 34; damage: 0-16; status: alive
2023-10-07 20:19:46 INFO   - Player (id = 14) Creation competed. Attack: 15; defense: 4; health: 100; damage: 10-16; status: alive
2023-10-07 20:19:46 INFO   - SetHealth. Player (id = 14) is dead.
2023-10-07 20:19:46 INFO   - Heal. Player (id = 14) The player is dead.
2023-10-07 20:19:46 INFO   - Player (id = 15) Creation competed. Attack: 10; defense: 1; health: 40; damage: 10-10; status: alive
2023-10-07 20:19:46 WARN   - Monster (id = 16) Out-of-range attack value (1-30). Max value is set.
2023-10-07 20:19:46 INFO   - Monster (id = 16) Creation competed. Attack: 100; defense: 1; health: 100; damage: 10-16; status: alive
2023-10-07 20:19:46 INFO   - Attack. Monster (id = 16) attacks Player (id = 15). Damage: 16
2023-10-07 20:19:46 INFO   - SetHealth. Player (id = 15) health: 24/40
2023-10-07 20:19:46 INFO   - Monster (id = 17) Creation competed. Attack: 10; defense: 3; health: 100; damage: 10-16; status: alive
2023-10-07 20:19:46 INFO   - SetHealth. Monster (id = 17) is dead.
2023-10-07 20:19:46 INFO   - Player (id = 18) Creation competed. Attack: 8; defense: 11; health: 216; damage: 23-30; status: alive
2023-10-07 20:19:46 WARN   - Monster (id = 19) Out-of-range attack value (1-30). Max value is set.
2023-10-07 20:19:46 WARN   - Monster (id = 19) Out-of-range defense value (1-30). Max value is set.
2023-10-07 20:19:46 WARN   - Monster (id = 19) The health value cannot be negative. The default value (60) is set.
2023-10-07 20:19:46 WARN   - Monster (id = 19) The min damage cannot be negative. Set value 0.
2023-10-07 20:19:46 INFO   - Monster (id = 19) Creation competed. Attack: 100; defense: -100; health: -256; damage: 0-16; status: alive
2023-10-07 20:19:46 WARN   - Player (id = 20) Out-of-range attack value (1-30). Max value is set.
2023-10-07 20:19:46 INFO   - Player (id = 20) Creation competed. Attack: 36; defense: 11; health: 6; damage: 12-16; status: alive
2023-10-07 20:19:46 WARN   - Player (id = 21) Out-of-range attack value (1-30). Max value is set.
2023-10-07 20:19:46 WARN   - Player (id = 21) Out-of-range defense value (1-30). Max value is set.
2023-10-07 20:19:46 WARN   - Player (id = 21) The health value cannot be negative. The default value (60) is set.
2023-10-07 20:19:46 WARN   - Player (id = 21) The maximum damage value was set incorrectly. New value: 126
2023-10-07 20:19:46 INFO   - Player (id = 21) Creation competed. Attack: -3; defense: 31; health: -516; damage: 120-126; status: alive
2023-10-07 20:19:46 INFO   - Player (id = 22) Creation competed. Attack: 15; defense: 4; health: 100; damage: 10-16; status: alive
2023-10-07 20:19:46 INFO   - SetHealth. Player (id = 22) health: 10/100
2023-10-07 20:19:46 INFO   - Heal. Player (id = 22) The remaining number of healings: 3
2023-10-07 20:19:46 INFO   - SetHealth. Player (id = 22) health: 40/100
2023-10-07 20:19:46 WARN   - Player (id = 23) Out-of-range attack value (1-30). Max value is set.
2023-10-07 20:19:46 INFO   - Player (id = 23) Creation competed. Attack: -3; defense: 11; health: 6; damage: 12-16; status: alive
2023-10-07 20:19:46 INFO   - Player (id = 24) Creation competed. Attack: 3; defense: 11; health: 34; damage: 16-16; status: alive
2023-10-07 20:19:46 WARN   - Player (id = 25) Out-of-range defense value (1-30). Max value is set.
2023-10-07 20:19:46 INFO   - Player (id = 25) Creation competed. Attack: 3; defense: -11; health: 6; damage: 12-16; status: alive
2023-10-07 20:19:46 WARN   - Player (id = 26) The health value cannot be negative. The default value (60) is set.
2023-10-07 20:19:46 INFO   - Player (id = 26) Creation competed. Attack: 3; defense: 11; health: -6; damage: 12-16; status: alive
